09:36:16 **** Build of configuration Release for project 01b_DiodaLED ****
make all 
'Building file: ../main.c'
'Invoking: AVR Compiler'
avr-gcc -Wall -Os -fpack-struct -fshort-enums -ffunction-sections -fdata-sections -std=gnu99 -funsigned-char -funsigned-bitfields -mmcu=atmega32 -DF_CPU=8000000UL -MMD -MP -MF"main.d" -MT"main.d" -c -o "main.o" "../main.c"
'Finished building: ../main.c'
' '
'Building target: 01_DiodaLED.elf'
'Invoking: AVR C Linker'
avr-gcc -Wl,-Map,01_DiodaLED.map -mmcu=atmega32 -o "01_DiodaLED.elf"  ./main.o   
'Finished building target: 01_DiodaLED.elf'
' '
'Invoking: AVR Create Extended Listing'
avr-objdump -h -S 01_DiodaLED.elf  >"01_DiodaLED.lss"
'Finished building: 01_DiodaLED.lss'
' '
'Create Flash image (ihex format)'
avr-objcopy -R .eeprom -R .fuse -R .lock -R .signature -O ihex 01_DiodaLED.elf  "01_DiodaLED.hex"
'Finished building: 01_DiodaLED.hex'
' '
'Create eeprom image (ihex format)'
avr-objcopy -j .eeprom --no-change-warnings --change-section-lma .eeprom=0 -O ihex 01_DiodaLED.elf  "01_DiodaLED.eep"
'Finished building: 01_DiodaLED.eep'
' '
'Invoking: Print Size'
avr-size --format=avr --mcu=atmega32 01_DiodaLED.elf
AVR Memory Usage
----------------
Device: atmega32

Program:     156 bytes (0.5% Full)
(.text + .data + .bootloader)

Data:          0 bytes (0.0% Full)
(.data + .bss + .noinit)


'Finished building: sizedummy'
' '

09:36:17 Build Finished (took 1s.134ms)

