15:48:56 **** Build of configuration Release for project 04_LCD ****
make all 
Building file: ../LCD/lcd44780.c
Invoking: AVR Compiler
avr-gcc -Wall -Os -fpack-struct -fshort-enums -ffunction-sections -fdata-sections -std=gnu99 -funsigned-char -funsigned-bitfields -mmcu=atmega32 -DF_CPU=11059200UL -MMD -MP -MF"LCD/lcd44780.d" -MT"LCD/lcd44780.d" -c -o "LCD/lcd44780.o" "../LCD/lcd44780.c"
Finished building: ../LCD/lcd44780.c
 
Building file: ../main.c
Invoking: AVR Compiler
avr-gcc -Wall -Os -fpack-struct -fshort-enums -ffunction-sections -fdata-sections -std=gnu99 -funsigned-char -funsigned-bitfields -mmcu=atmega32 -DF_CPU=11059200UL -MMD -MP -MF"main.d" -MT"main.d" -c -o "main.o" "../main.c"
Finished building: ../main.c
 
Building target: 04_LCD.elf
Invoking: AVR C Linker
avr-gcc -Wl,-Map,04_LCD.map -mmcu=atmega32 -o "04_LCD.elf"  ./LCD/lcd44780.o  ./main.o   
Finished building target: 04_LCD.elf
 
Invoking: AVR Create Extended Listing
avr-objdump -h -S 04_LCD.elf  >"04_LCD.lss"
Finished building: 04_LCD.lss
 
Create Flash image (ihex format)
avr-objcopy -R .eeprom -R .fuse -R .lock -R .signature -O ihex 04_LCD.elf  "04_LCD.hex"
Finished building: 04_LCD.hex
 
Create eeprom image (ihex format)
avr-objcopy -j .eeprom --no-change-warnings --change-section-lma .eeprom=0 -O ihex 04_LCD.elf  "04_LCD.eep"
Finished building: 04_LCD.eep
 
Invoking: Print Size
avr-size --format=avr --mcu=atmega32 04_LCD.elf
AVR Memory Usage
----------------
Device: atmega32

Program:    1416 bytes (4.3% Full)
(.text + .data + .bootloader)

Data:         25 bytes (1.2% Full)
(.data + .bss + .noinit)

EEPROM:       15 bytes (1.5% Full)
(.eeprom)


Finished building: sizedummy
 

15:48:56 Build Finished (took 884ms)

